{
  "stats": {
    "suites": 0,
    "tests": 1,
    "passes": 1,
    "pending": 0,
    "failures": 0,
    "start": "2022-08-03T08:35:20.242Z",
    "end": "2022-08-03T08:35:44.374Z",
    "duration": 24132,
    "testsRegistered": 1,
    "passPercent": 100,
    "pendingPercent": 0,
    "other": 0,
    "hasOther": false,
    "skipped": 0,
    "hasSkipped": false
  },
  "results": [
    {
      "uuid": "ae6dcf01-00d9-497b-a034-4f42d5cdf048",
      "title": "",
      "fullFile": "cypress/e2e/endToend/demo.js",
      "file": "cypress/e2e/endToend/demo.js",
      "beforeHooks": [],
      "afterHooks": [],
      "tests": [
        {
          "title": "This is a demo",
          "fullTitle": "This is a demo",
          "timedOut": null,
          "duration": 23918,
          "state": "passed",
          "speed": "slow",
          "pass": true,
          "fail": false,
          "pending": false,
          "context": null,
          "code": "cy.visit('/');\ncy.get('a[title=\"Women\"]').should('be.visible').and('have.text', 'Women');\ncy.get('a[title=\"Women\"]').trigger('mouseover');\ncy.get('a[title=\"Women\"]').should('have.css', 'display', 'block');\ncy.get('#block_top_menu > ul.sf-menu > li:nth-child(1) > a').should('have.text', 'Women').siblings('ul').contains('a[title]', 'Dresses').siblings('ul').contains('a[title]', 'Summer Dresses').click({\n  force: true\n}); //   cy.get('#block_top_menu > ul.sf-menu > li:nth-child(2) > a').should('have.text','Dresses')",
          "err": {},
          "uuid": "abfa2796-9a0f-49bd-8cae-045928280426",
          "parentUUID": "ae6dcf01-00d9-497b-a034-4f42d5cdf048",
          "isHook": false,
          "skipped": false
        }
      ],
      "suites": [],
      "passes": [
        "abfa2796-9a0f-49bd-8cae-045928280426"
      ],
      "failures": [],
      "pending": [],
      "skipped": [],
      "duration": 23918,
      "root": true,
      "rootEmpty": false,
      "_timeout": 2000
    }
  ],
  "meta": {
    "mocha": {
      "version": "7.0.1"
    },
    "mochawesome": {
      "options": {
        "quiet": false,
        "reportFilename": "TestReport",
        "saveHtml": false,
        "saveJson": true,
        "consoleReporter": "spec",
        "useInlineDiffs": false,
        "code": true
      },
      "version": "7.1.3"
    },
    "marge": {
      "options": {
        "reportDir": "cypress/report/.jsons",
        "charts": true,
        "embeddedScreenshots": true,
        "reportPageTitle": "Test-Report",
        "reportFilename": "TestReport",
        "inlineAssets": true,
        "saveAllAttempts": false,
        "overwrite": false,
        "html": false,
        "json": true
      },
      "version": "6.2.0"
    }
  }
}