{
  "stats": {
    "suites": 1,
    "tests": 1,
    "passes": 0,
    "pending": 0,
    "failures": 1,
    "start": "2022-08-03T08:08:18.800Z",
    "end": "2022-08-03T08:08:21.034Z",
    "duration": 2234,
    "testsRegistered": 1,
    "passPercent": 0,
    "pendingPercent": 0,
    "other": 0,
    "hasOther": false,
    "skipped": 0,
    "hasSkipped": false
  },
  "results": [
    {
      "uuid": "a248c9b5-6746-448c-af3b-30baa86aae1c",
      "title": "",
      "fullFile": "cypress/e2e/component/systemTest.js",
      "file": "cypress/e2e/component/systemTest.js",
      "beforeHooks": [],
      "afterHooks": [],
      "tests": [],
      "suites": [
        {
          "uuid": "00161a38-66c7-49d5-83fa-7f514842ba4b",
          "title": "These are component tests",
          "fullFile": "",
          "file": "",
          "beforeHooks": [],
          "afterHooks": [],
          "tests": [
            {
              "title": "Test to verify that the menu item Women appears",
              "fullTitle": "These are component tests Test to verify that the menu item Women appears",
              "timedOut": null,
              "duration": 1816,
              "state": "failed",
              "speed": null,
              "pass": false,
              "fail": true,
              "pending": false,
              "context": null,
              "code": "cy.get('a[title=\"Women\"]').should('be.visible').and('have.text', 'Women');\ncy.get('a[title=\"Women\"]').trigger('mouseover');\ncy.get('a[title=\"Women\"]').should('have.css', 'display', 'block');",
              "err": {
                "message": "CypressError: `cy.visit()` failed trying to load:\n\nhttp://automationpractice.com/\n\nThe response we received from your web server was:\n\n  > 508: Loop Detected\n\nThis was considered a failure because the status code was not `2xx`.\n\nIf you do not want status codes to cause failures pass the option: `failOnStatusCode: false`\n\nBecause this error occurred during a `before all` hook we are skipping the remaining tests in the current suite: `These are component tests`",
                "estack": "CypressError: `cy.visit()` failed trying to load:\n\nhttp://automationpractice.com/\n\nThe response we received from your web server was:\n\n  > 508: Loop Detected\n\nThis was considered a failure because the status code was not `2xx`.\n\nIf you do not want status codes to cause failures pass the option: `failOnStatusCode: false`\n\nBecause this error occurred during a `before all` hook we are skipping the remaining tests in the current suite: `These are component tests`\n    at http://automationpractice.com/__cypress/runner/cypress_runner.js:156937:84\n    at visitFailedByErr (http://automationpractice.com/__cypress/runner/cypress_runner.js:156258:12)\n    at http://automationpractice.com/__cypress/runner/cypress_runner.js:156917:13\n    at tryCatcher (http://automationpractice.com/__cypress/runner/cypress_runner.js:13012:23)\n    at Promise._settlePromiseFromHandler (http://automationpractice.com/__cypress/runner/cypress_runner.js:10947:31)\n    at Promise._settlePromise (http://automationpractice.com/__cypress/runner/cypress_runner.js:11004:18)\n    at Promise._settlePromise0 (http://automationpractice.com/__cypress/runner/cypress_runner.js:11049:10)\n    at Promise._settlePromises (http://automationpractice.com/__cypress/runner/cypress_runner.js:11125:18)\n    at _drainQueueStep (http://automationpractice.com/__cypress/runner/cypress_runner.js:7719:12)\n    at _drainQueue (http://automationpractice.com/__cypress/runner/cypress_runner.js:7712:9)\n    at Async.../../node_modules/bluebird/js/release/async.js.Async._drainQueues (http://automationpractice.com/__cypress/runner/cypress_runner.js:7728:5)\n    at Async.drainQueues (http://automationpractice.com/__cypress/runner/cypress_runner.js:7598:14)\nFrom Your Spec Code:\n    at Context.eval (http://automationpractice.com/__cypress/tests?p=cypress/e2e/component/systemTest.js:101:8)",
                "diff": null
              },
              "uuid": "1073258c-176c-48a3-9d05-566b1633a8b7",
              "parentUUID": "00161a38-66c7-49d5-83fa-7f514842ba4b",
              "isHook": false,
              "skipped": false
            }
          ],
          "suites": [],
          "passes": [],
          "failures": [
            "1073258c-176c-48a3-9d05-566b1633a8b7"
          ],
          "pending": [],
          "skipped": [],
          "duration": 1816,
          "root": false,
          "rootEmpty": false,
          "_timeout": 2000
        }
      ],
      "passes": [],
      "failures": [],
      "pending": [],
      "skipped": [],
      "duration": 0,
      "root": true,
      "rootEmpty": true,
      "_timeout": 2000
    }
  ],
  "meta": {
    "mocha": {
      "version": "7.0.1"
    },
    "mochawesome": {
      "options": {
        "quiet": false,
        "reportFilename": "TestReport",
        "saveHtml": false,
        "saveJson": true,
        "consoleReporter": "spec",
        "useInlineDiffs": false,
        "code": true
      },
      "version": "7.1.3"
    },
    "marge": {
      "options": {
        "reportDir": "cypress/report/.jsons",
        "charts": true,
        "embeddedScreenshots": true,
        "reportPageTitle": "Test-Report",
        "reportFilename": "TestReport",
        "inlineAssets": true,
        "saveAllAttempts": false,
        "overwrite": false,
        "html": false,
        "json": true
      },
      "version": "6.2.0"
    }
  }
}